============================= test session starts =============================
platform win32 -- Python 3.13.1, pytest-9.0.1, pluggy-1.6.0 -- F:\src\PythonProject\pscweb3-1\.venv\Scripts\python.exe
cachedir: .pytest_cache
rootdir: F:\src\PythonProject\pscweb3-1
configfile: pytest.ini (WARNING: ignoring pytest config in pyproject.toml!)
plugins: anyio-4.12.0, asyncio-1.3.0, cov-7.0.0
asyncio: mode=Mode.AUTO, debug=False, asyncio_default_fixture_loop_scope=None, asyncio_default_test_loop_scope=function
collecting ... collected 3 items

tests/unit/test_services.py::test_parse_simple_fountain_script FAILED
tests/unit/test_services.py::test_parse_fountain_with_multiple_scenes FAILED
tests/unit/test_services.py::test_parse_fountain_empty_script PASSED

================================== FAILURES ===================================
______________________ test_parse_simple_fountain_script ______________________
tests\unit\test_services.py:42: in test_parse_simple_fountain_script
    await parse_fountain_and_create_models(script, fountain_content, db)
src\services\fountain_parser.py:20: in parse_fountain_and_create_models
    f = fountain.Fountain(fountain_content)
        ^^^^^^^^^^^^^^^^^^^^^^^^^^^^^^^^^^^
.venv\Lib\site-packages\fountain\fountain.py:53: in __init__
    self.parse()
.venv\Lib\site-packages\fountain\fountain.py:66: in parse
    self._parse_head(contents.splitlines())
.venv\Lib\site-packages\fountain\fountain.py:74: in _parse_head
    if line[0].isspace():
       ^^^^^^^
E   IndexError: string index out of range
__________________ test_parse_fountain_with_multiple_scenes ___________________
tests\unit\test_services.py:85: in test_parse_fountain_with_multiple_scenes
    await parse_fountain_and_create_models(script, fountain_content, db)
src\services\fountain_parser.py:20: in parse_fountain_and_create_models
    f = fountain.Fountain(fountain_content)
        ^^^^^^^^^^^^^^^^^^^^^^^^^^^^^^^^^^^
.venv\Lib\site-packages\fountain\fountain.py:53: in __init__
    self.parse()
.venv\Lib\site-packages\fountain\fountain.py:66: in parse
    self._parse_head(contents.splitlines())
.venv\Lib\site-packages\fountain\fountain.py:74: in _parse_head
    if line[0].isspace():
       ^^^^^^^
E   IndexError: string index out of range
============================== warnings summary ===============================
tests/unit/test_services.py: 12 warnings
  F:\src\PythonProject\pscweb3-1\.venv\Lib\site-packages\sqlalchemy\sql\schema.py:3624: DeprecationWarning: datetime.datetime.utcnow() is deprecated and scheduled for removal in a future version. Use timezone-aware objects to represent datetimes in UTC: datetime.datetime.now(datetime.UTC).
    return util.wrap_callable(lambda ctx: fn(), fn)  # type: ignore

-- Docs: https://docs.pytest.org/en/stable/how-to/capture-warnings.html
=============================== tests coverage ================================
_______________ coverage: platform win32, python 3.13.1-final-0 _______________

Name                                    Stmts   Miss  Cover   Missing
---------------------------------------------------------------------
src\__init__.py                             0      0   100%
src\api\__init__.py                         0      0   100%
src\api\auth.py                            34     34     0%   3-88
src\api\castings.py                        77     77     0%   3-230
src\api\projects.py                        37     37     0%   3-104
src\api\rehearsals.py                     149    149     0%   3-462
src\api\scene_charts.py                    53     53     0%   3-150
src\api\scripts.py                         81     81     0%   3-253
src\auth\__init__.py                        0      0   100%
src\auth\discord.py                        25     25     0%   3-78
src\auth\jwt.py                            21     21     0%   3-47
src\config.py                              14      0   100%
src\db\__init__.py                          8      2    75%   30-31
src\db\base.py                              3      0   100%
src\db\models.py                          143      0   100%
src\main.py                                18     18     0%   3-50
src\schemas\__init__.py                     0      0   100%
src\schemas\auth.py                        10     10     0%   3-21
src\schemas\casting.py                     16     16     0%   3-31
src\schemas\rehearsal.py                   43     43     0%   3-79
src\schemas\scene_chart.py                 17     17     0%   3-36
src\schemas\script.py                      33     33     0%   3-63
src\services\__init__.py                    0      0   100%
src\services\fountain_parser.py            34     20    41%   25-30, 41-68
src\services\scene_chart_generator.py      20     20     0%   3-50
---------------------------------------------------------------------
TOTAL                                     836    656    22%
=========================== short test summary info ===========================
FAILED tests/unit/test_services.py::test_parse_simple_fountain_script - IndexError: string index out of range
FAILED tests/unit/test_services.py::test_parse_fountain_with_multiple_scenes - IndexError: string index out of range
================== 2 failed, 1 passed, 12 warnings in 0.34s ===================
Pytest finished with code: 1
